C:\USERS\PC\SOURCE\REPOS\TELI_DEI\TELI_DEI\DEBUG\TELI_DEI.PCH
C:\USERS\PC\SOURCE\REPOS\TELI_DEI\TELI_DEI\DEBUG\STDAFX.OBJ
C:\USERS\PC\SOURCE\REPOS\TELI_DEI\TELI_DEI\DEBUG\VC110.PDB
C:\USERS\PC\SOURCE\REPOS\TELI_DEI\TELI_DEI\DEBUG\TELI_DEI.OBJ
C:\USERS\PC\SOURCE\REPOS\TELI_DEI\TELI_DEI\DEBUG\SETTINGS.OBJ
C:\USERS\PC\SOURCE\REPOS\TELI_DEI\TELI_DEI\DEBUG\MASSPROCCESSSEARCHFORM.OBJ
C:\USERS\PC\SOURCE\REPOS\TELI_DEI\TELI_DEI\DEBUG\MASSPROCCESSFORM.OBJ
C:\USERS\PC\SOURCE\REPOS\TELI_DEI\TELI_DEI\DEBUG\FORM1.OBJ
C:\USERS\PC\SOURCE\REPOS\TELI_DEI\TELI_DEI\DEBUG\DEI.OBJ
C:\USERS\PC\SOURCE\REPOS\TELI_DEI\TELI_DEI\DEBUG\ASSEMBLYINFO.OBJ
C:\USERS\PC\SOURCE\REPOS\TELI_DEI\TELI_DEI\DEBUG\ABOUTFORM.OBJ
C:\USERS\PC\SOURCE\REPOS\TELI_DEI\TELI_DEI\DEBUG\.NETFRAMEWORK,VERSION=V4.0.ASSEMBLYATTRIBUTES.OBJ
C:\USERS\PC\SOURCE\REPOS\TELI_DEI\DEBUG\TELI_DEI.ILK
C:\USERS\PC\SOURCE\REPOS\TELI_DEI\DEBUG\TELI_DEI.EXE
C:\USERS\PC\SOURCE\REPOS\TELI_DEI\DEBUG\TELI_DEI.PDB
C:\USERS\PC\SOURCE\REPOS\TELI_DEI\TELI_DEI\DEBUG\METAGEN.WRITE.1.TLOG
C:\USERS\PC\SOURCE\REPOS\TELI_DEI\TELI_DEI\DEBUG\APP.RES
C:\Users\PC\Source\Repos\teli_dei\Debug\ansiToUTF8.dll
C:\Users\PC\Source\Repos\teli_dei\Debug\NetWork.dll
C:\Users\PC\Source\Repos\teli_dei\Debug\VersionHelper.dll
C:\Users\PC\Source\Repos\teli_dei\Debug\ansiToUTF8.pdb
C:\Users\PC\Source\Repos\teli_dei\Debug\NetWork.xml
C:\Users\PC\Source\Repos\teli_dei\Debug\VersionHelper.pdb
C:\Users\PC\Source\Repos\teli_dei\teli_dei\Debug\teli_dei.AboutForm.resources
C:\Users\PC\Source\Repos\teli_dei\teli_dei\Debug\teli_dei.Form1.resources
C:\Users\PC\Source\Repos\teli_dei\teli_dei\Debug\teli_dei.MassProccessForm.resources
C:\Users\PC\Source\Repos\teli_dei\teli_dei\Debug\teli_dei.MassProccessSearchForm.resources
C:\Users\PC\Source\Repos\teli_dei\teli_dei\Debug\teli_dei.Settings.resources
C:\Users\PC\Source\Repos\teli_dei\teli_dei\Debug\teli_dei.vcxproj.GenerateResource.Cache
C:\Users\PC\Source\Repos\teli_dei\teli_dei\Debug\teli_dei.vcxprojResolveAssemblyReference.cache
C:\Users\PC\Source\Repos\teli_dei\teli_dei\Debug\.NETFramework,Version=v4.0.AssemblyAttributes.obj
C:\Users\PC\Source\Repos\teli_dei\teli_dei\Debug\AboutForm.obj
C:\Users\PC\Source\Repos\teli_dei\teli_dei\Debug\AssemblyInfo.obj
C:\Users\PC\Source\Repos\teli_dei\teli_dei\Debug\Dei.obj
C:\Users\PC\Source\Repos\teli_dei\teli_dei\Debug\Form1.obj
C:\Users\PC\Source\Repos\teli_dei\teli_dei\Debug\MassProccessForm.obj
C:\Users\PC\Source\Repos\teli_dei\teli_dei\Debug\MassProccessSearchForm.obj
C:\Users\PC\Source\Repos\teli_dei\teli_dei\Debug\Settings.obj
C:\Users\PC\Source\Repos\teli_dei\teli_dei\Debug\stdafx.obj
C:\Users\PC\Source\Repos\teli_dei\teli_dei\Debug\teli_dei.obj
C:\Users\PC\Source\Repos\teli_dei\teli_dei\Debug\cl.command.1.tlog
C:\Users\PC\Source\Repos\teli_dei\teli_dei\Debug\CL.read.1.tlog
C:\Users\PC\Source\Repos\teli_dei\teli_dei\Debug\CL.write.1.tlog
C:\Users\PC\Source\Repos\teli_dei\teli_dei\Debug\link.5504-cvtres.read.1.tlog
C:\Users\PC\Source\Repos\teli_dei\teli_dei\Debug\link.5504-cvtres.write.1.tlog
C:\Users\PC\Source\Repos\teli_dei\teli_dei\Debug\link.5504-rc.read.1.tlog
C:\Users\PC\Source\Repos\teli_dei\teli_dei\Debug\link.5504-rc.write.1.tlog
C:\Users\PC\Source\Repos\teli_dei\teli_dei\Debug\link.5504.read.1.tlog
C:\Users\PC\Source\Repos\teli_dei\teli_dei\Debug\link.5504.write.1.tlog
C:\Users\PC\Source\Repos\teli_dei\teli_dei\Debug\link.command.1.tlog
C:\Users\PC\Source\Repos\teli_dei\teli_dei\Debug\link.read.1.tlog
C:\Users\PC\Source\Repos\teli_dei\teli_dei\Debug\link.write.1.tlog
C:\Users\PC\Source\Repos\teli_dei\teli_dei\Debug\metagen.read.1.tlog
C:\Users\PC\Source\Repos\teli_dei\teli_dei\Debug\metagen.write.1.tlog
C:\Users\PC\Source\Repos\teli_dei\teli_dei\Debug\rc.command.1.tlog
C:\Users\PC\Source\Repos\teli_dei\teli_dei\Debug\rc.read.1.tlog
C:\Users\PC\Source\Repos\teli_dei\teli_dei\Debug\rc.write.1.tlog
C:\Users\PC\Source\Repos\teli_dei\teli_dei\Debug\teli_dei.write.1.tlog
C:\Users\PC\Source\Repos\teli_dei\teli_dei\Debug\app.res
C:\Users\PC\Source\Repos\teli_dei\teli_dei\Debug\teli_dei.pch
C:\Users\PC\Source\Repos\teli_dei\teli_dei\Debug\vc110.pdb
C:\Users\PC\Source\Repos\teli_dei\teli_dei\Debug\ANSITOUTF8.DLL.metagen
C:\Users\PC\Source\Repos\teli_dei\teli_dei\Debug\NETWORK.DLL.metagen
C:\Users\PC\Source\Repos\teli_dei\teli_dei\Debug\VERSIONHELPER.DLL.metagen
C:\Users\PC\Source\Repos\teli_dei\teli_dei\Debug\TZRES.DLL.bi
C:\Users\PC\Source\Repos\teli_dei\Debug\teli_dei.pdb
C:\Users\PC\Source\Repos\teli_dei\Debug\teli_dei.exe
C:\Users\PC\Source\Repos\teli_dei\Debug\teli_dei.ilk
