C:\USERS\PC\SOURCE\REPOS\TELI_DEI\TELI_DEI\RELEASE\TELI_DEI.PCH
C:\USERS\PC\SOURCE\REPOS\TELI_DEI\TELI_DEI\RELEASE\STDAFX.OBJ
C:\USERS\PC\SOURCE\REPOS\TELI_DEI\TELI_DEI\RELEASE\VC110.PDB
C:\USERS\PC\SOURCE\REPOS\TELI_DEI\TELI_DEI\RELEASE\TELI_DEI.OBJ
C:\USERS\PC\SOURCE\REPOS\TELI_DEI\TELI_DEI\RELEASE\SETTINGS.OBJ
C:\USERS\PC\SOURCE\REPOS\TELI_DEI\TELI_DEI\RELEASE\MASSPROCCESSSEARCHFORM.OBJ
C:\USERS\PC\SOURCE\REPOS\TELI_DEI\TELI_DEI\RELEASE\MASSPROCCESSFORM.OBJ
C:\USERS\PC\SOURCE\REPOS\TELI_DEI\TELI_DEI\RELEASE\FORM1.OBJ
C:\USERS\PC\SOURCE\REPOS\TELI_DEI\TELI_DEI\RELEASE\DEI.OBJ
C:\USERS\PC\SOURCE\REPOS\TELI_DEI\TELI_DEI\RELEASE\ASSEMBLYINFO.OBJ
C:\USERS\PC\SOURCE\REPOS\TELI_DEI\TELI_DEI\RELEASE\ABOUTFORM.OBJ
C:\USERS\PC\SOURCE\REPOS\TELI_DEI\TELI_DEI\RELEASE\.NETFRAMEWORK,VERSION=V4.0.ASSEMBLYATTRIBUTES.OBJ
C:\USERS\PC\SOURCE\REPOS\TELI_DEI\RELEASE\TELI_DEI.EXE
C:\USERS\PC\SOURCE\REPOS\TELI_DEI\RELEASE\TELI_DEI.PDB
C:\USERS\PC\SOURCE\REPOS\TELI_DEI\TELI_DEI\RELEASE\APP.RES
C:\Users\PC\Source\Repos\teli_dei\Release\ansiToUTF8.dll
C:\Users\PC\Source\Repos\teli_dei\Release\VersionHelper.dll
C:\Users\PC\Source\Repos\teli_dei\Release\ansiToUTF8.pdb
C:\Users\PC\Source\Repos\teli_dei\Release\VersionHelper.pdb
C:\Users\PC\Source\Repos\teli_dei\teli_dei\Release\teli_dei.AboutForm.resources
C:\Users\PC\Source\Repos\teli_dei\teli_dei\Release\teli_dei.Form1.resources
C:\Users\PC\Source\Repos\teli_dei\teli_dei\Release\teli_dei.MassProccessForm.resources
C:\Users\PC\Source\Repos\teli_dei\teli_dei\Release\teli_dei.MassProccessSearchForm.resources
C:\Users\PC\Source\Repos\teli_dei\teli_dei\Release\teli_dei.Settings.resources
C:\Users\PC\Source\Repos\teli_dei\teli_dei\Release\teli_dei.vcxproj.GenerateResource.Cache
C:\Users\PC\Source\Repos\teli_dei\teli_dei\Release\teli_dei.vcxprojResolveAssemblyReference.cache
C:\Users\PC\Source\Repos\teli_dei\teli_dei\Release\.NETFramework,Version=v4.0.AssemblyAttributes.obj
C:\Users\PC\Source\Repos\teli_dei\teli_dei\Release\AboutForm.obj
C:\Users\PC\Source\Repos\teli_dei\teli_dei\Release\AssemblyInfo.obj
C:\Users\PC\Source\Repos\teli_dei\teli_dei\Release\Dei.obj
C:\Users\PC\Source\Repos\teli_dei\teli_dei\Release\Form1.obj
C:\Users\PC\Source\Repos\teli_dei\teli_dei\Release\MassProccessForm.obj
C:\Users\PC\Source\Repos\teli_dei\teli_dei\Release\MassProccessSearchForm.obj
C:\Users\PC\Source\Repos\teli_dei\teli_dei\Release\Settings.obj
C:\Users\PC\Source\Repos\teli_dei\teli_dei\Release\stdafx.obj
C:\Users\PC\Source\Repos\teli_dei\teli_dei\Release\teli_dei.obj
C:\Users\PC\Source\Repos\teli_dei\teli_dei\Release\cl.command.1.tlog
C:\Users\PC\Source\Repos\teli_dei\teli_dei\Release\CL.read.1.tlog
C:\Users\PC\Source\Repos\teli_dei\teli_dei\Release\CL.write.1.tlog
C:\Users\PC\Source\Repos\teli_dei\teli_dei\Release\link-cvtres.read.1.tlog
C:\Users\PC\Source\Repos\teli_dei\teli_dei\Release\link-cvtres.write.1.tlog
C:\Users\PC\Source\Repos\teli_dei\teli_dei\Release\link-rc.read.1.tlog
C:\Users\PC\Source\Repos\teli_dei\teli_dei\Release\link-rc.write.1.tlog
C:\Users\PC\Source\Repos\teli_dei\teli_dei\Release\link.command.1.tlog
C:\Users\PC\Source\Repos\teli_dei\teli_dei\Release\link.read.1.tlog
C:\Users\PC\Source\Repos\teli_dei\teli_dei\Release\link.write.1.tlog
C:\Users\PC\Source\Repos\teli_dei\teli_dei\Release\rc.command.1.tlog
C:\Users\PC\Source\Repos\teli_dei\teli_dei\Release\rc.read.1.tlog
C:\Users\PC\Source\Repos\teli_dei\teli_dei\Release\rc.write.1.tlog
C:\Users\PC\Source\Repos\teli_dei\teli_dei\Release\teli_dei.write.1.tlog
C:\Users\PC\Source\Repos\teli_dei\teli_dei\Release\app.res
C:\Users\PC\Source\Repos\teli_dei\teli_dei\Release\teli_dei.pch
C:\Users\PC\Source\Repos\teli_dei\teli_dei\Release\vc110.pdb
C:\Users\PC\Source\Repos\teli_dei\Release\teli_dei.pdb
C:\Users\PC\Source\Repos\teli_dei\Release\teli_dei.exe
